app/build/intermediates/manifest_merge_blame_file/debug/manifest-merger-blame-debug-report.txt
1<?xml version="1.0" encoding="utf-8"?>
2<manifest xmlns:android="http://schemas.android.com/apk/res/android"
3    package="com.emankhaled.ecommerceapp"
4    android:versionCode="1"
5    android:versionName="1.0" >
6
7    <uses-sdk
8        android:minSdkVersion="21"
8-->src\main\AndroidManifest.xml
9        android:targetSdkVersion="29" />
9-->src\main\AndroidManifest.xml
10
11    <uses-permission android:name="android.permission.READ_EXTERNAL_STORAGE" />
11-->src\main\AndroidManifest.xml:5:5-80
11-->src\main\AndroidManifest.xml:5:22-77
12    <uses-permission android:name="android.permission.WRITE_EXTERNAL_STORAGE" />
12-->src\main\AndroidManifest.xml:6:5-81
12-->src\main\AndroidManifest.xml:6:22-78
13    <uses-permission android:name="android.permission.INTERNET" />
13-->src\main\AndroidManifest.xml:7:5-67
13-->src\main\AndroidManifest.xml:7:22-64
14    <uses-permission android:name="android.permission.ACCESS_NETWORK_STATE" />
14-->src\main\AndroidManifest.xml:8:5-79
14-->src\main\AndroidManifest.xml:8:22-76
15    <uses-permission android:name="android.permission.WAKE_LOCK" />
15-->[com.google.android.gms:play-services-measurement-api:20.0.2] AndroidManifest.xml:24:5-68
15-->[com.google.android.gms:play-services-measurement-api:20.0.2] AndroidManifest.xml:24:22-65
16    <uses-permission android:name="com.google.android.finsky.permission.BIND_GET_INSTALL_REFERRER_SERVICE" /> <!-- Include required permissions for Advertising Id -->
16-->[com.google.android.gms:play-services-measurement:20.0.2] AndroidManifest.xml:26:5-110
16-->[com.google.android.gms:play-services-measurement:20.0.2] AndroidManifest.xml:26:22-107
17    <uses-permission android:name="com.google.android.gms.permission.AD_ID" />
17-->[com.google.android.gms:play-services-ads-identifier:18.0.0] AndroidManifest.xml:23:5-79
17-->[com.google.android.gms:play-services-ads-identifier:18.0.0] AndroidManifest.xml:23:22-76
18    <!--
19        Queries are required for API 30 and above when working with package manager. This is required
20        within this library since we use the package manager to determine which web browser to launch
21         to handle PayPal auth.
22    -->
23    <queries>
23-->[com.paypal.android:PayPalPartnerAuth:1.3.0] AndroidManifest.xml:19:5-27:15
24        <intent>
24-->[com.paypal.android:PayPalPartnerAuth:1.3.0] AndroidManifest.xml:20:9-26:18
25            <action android:name="android.intent.action.VIEW" />
25-->[com.paypal.checkout:android-sdk:0.2.0] AndroidManifest.xml:33:17-69
25-->[com.paypal.checkout:android-sdk:0.2.0] AndroidManifest.xml:33:25-66
26
27            <category android:name="android.intent.category.BROWSABLE" />
27-->[com.paypal.checkout:android-sdk:0.2.0] AndroidManifest.xml:36:17-78
27-->[com.paypal.checkout:android-sdk:0.2.0] AndroidManifest.xml:36:27-75
28
29            <data android:scheme="https" />
29-->[com.paypal.checkout:android-sdk:0.2.0] AndroidManifest.xml:29:17-31:57
29-->[com.paypal.checkout:android-sdk:0.2.0] AndroidManifest.xml:31:21-54
30        </intent>
31    </queries>
32
33    <application
33-->src\main\AndroidManifest.xml:10:5-99:19
34        android:allowBackup="true"
34-->src\main\AndroidManifest.xml:11:9-35
35        android:appComponentFactory="androidx.core.app.CoreComponentFactory"
35-->[androidx.core:core:1.6.0] AndroidManifest.xml:24:18-86
36        android:debuggable="true"
37        android:icon="@mipmap/ic_launcher"
37-->src\main\AndroidManifest.xml:12:9-43
38        android:label="@string/app_name"
38-->src\main\AndroidManifest.xml:13:9-41
39        android:networkSecurityConfig="@xml/network_security_config"
39-->[com.paypal.checkout:android-sdk:0.2.0] AndroidManifest.xml:17:9-69
40        android:roundIcon="@mipmap/ic_launcher_round"
40-->src\main\AndroidManifest.xml:14:9-54
41        android:supportsRtl="true"
41-->src\main\AndroidManifest.xml:15:9-35
42        android:testOnly="true"
43        android:theme="@style/AppTheme" >
43-->src\main\AndroidManifest.xml:16:9-40
44        <activity
44-->src\main\AndroidManifest.xml:17:9-19:40
45            android:name="com.emankhaled.ecommerceapp.Buyer.PaymentActivity"
45-->src\main\AndroidManifest.xml:18:13-50
46            android:exported="false" />
46-->src\main\AndroidManifest.xml:19:13-37
47        <activity
47-->src\main\AndroidManifest.xml:20:9-24:59
48            android:name="com.emankhaled.ecommerceapp.Buyer.OrderActivity"
48-->src\main\AndroidManifest.xml:21:13-48
49            android:exported="false"
49-->src\main\AndroidManifest.xml:22:13-37
50            android:label="@string/title_activity_order"
50-->src\main\AndroidManifest.xml:23:13-57
51            android:theme="@style/AppTheme.NoActionBar" />
51-->src\main\AndroidManifest.xml:24:13-56
52        <activity
52-->src\main\AndroidManifest.xml:25:9-27:40
53            android:name="com.emankhaled.ecommerceapp.Sellers.SellerFacebookSigninActivity"
53-->src\main\AndroidManifest.xml:26:13-65
54            android:exported="false" />
54-->src\main\AndroidManifest.xml:27:13-37
55        <activity
55-->src\main\AndroidManifest.xml:28:9-30:40
56            android:name="com.emankhaled.ecommerceapp.Sellers.SellerCompleteFormSocialLoginActivity"
56-->src\main\AndroidManifest.xml:29:13-74
57            android:exported="false" />
57-->src\main\AndroidManifest.xml:30:13-37
58        <activity
58-->src\main\AndroidManifest.xml:31:9-33:40
59            android:name="com.emankhaled.ecommerceapp.Sellers.SellerGoogleSigningActivity"
59-->src\main\AndroidManifest.xml:32:13-64
60            android:exported="false" />
60-->src\main\AndroidManifest.xml:33:13-37
61        <activity
61-->src\main\AndroidManifest.xml:34:9-36:40
62            android:name="com.emankhaled.ecommerceapp.Buyer.FavoritesActivity"
62-->src\main\AndroidManifest.xml:35:13-52
63            android:exported="false" />
63-->src\main\AndroidManifest.xml:36:13-37
64        <activity
64-->src\main\AndroidManifest.xml:37:9-39:40
65            android:name="com.emankhaled.ecommerceapp.Buyer.CategoryDetailsActivity"
65-->src\main\AndroidManifest.xml:38:13-58
66            android:exported="false" />
66-->src\main\AndroidManifest.xml:39:13-37
67        <activity
67-->src\main\AndroidManifest.xml:40:9-42:40
68            android:name="com.emankhaled.ecommerceapp.Buyer.CategoriesActivity"
68-->src\main\AndroidManifest.xml:41:13-53
69            android:exported="false" />
69-->src\main\AndroidManifest.xml:42:13-37
70        <activity
70-->src\main\AndroidManifest.xml:43:9-45:40
71            android:name="com.emankhaled.ecommerceapp.OnBoardingActivity"
71-->src\main\AndroidManifest.xml:44:13-47
72            android:exported="false" />
72-->src\main\AndroidManifest.xml:45:13-37
73        <activity android:name="com.emankhaled.ecommerceapp.SplashActivity" >
73-->src\main\AndroidManifest.xml:46:9-52:20
73-->src\main\AndroidManifest.xml:46:19-49
74            <intent-filter>
74-->src\main\AndroidManifest.xml:47:13-51:29
75                <action android:name="android.intent.action.MAIN" />
75-->src\main\AndroidManifest.xml:48:17-69
75-->src\main\AndroidManifest.xml:48:25-66
76
77                <category android:name="android.intent.category.LAUNCHER" />
77-->src\main\AndroidManifest.xml:50:17-77
77-->src\main\AndroidManifest.xml:50:27-74
78            </intent-filter>
79        </activity>
80        <activity
80-->src\main\AndroidManifest.xml:53:9-55:40
81            android:name="com.emankhaled.ecommerceapp.Buyer.SuccessfullyConfirmActivity"
81-->src\main\AndroidManifest.xml:54:13-62
82            android:exported="false" />
82-->src\main\AndroidManifest.xml:55:13-37
83        <activity
83-->src\main\AndroidManifest.xml:56:9-58:49
84            android:name="com.emankhaled.ecommerceapp.Admin.AdminCheckNewProductsActivity"
84-->src\main\AndroidManifest.xml:57:13-64
85            android:theme="@style/AdminTheme" />
85-->src\main\AndroidManifest.xml:58:13-46
86        <activity
86-->src\main\AndroidManifest.xml:59:9-61:49
87            android:name="com.emankhaled.ecommerceapp.Admin.AdminHomeActivity"
87-->src\main\AndroidManifest.xml:60:13-52
88            android:theme="@style/AdminTheme" />
88-->src\main\AndroidManifest.xml:61:13-46
89        <activity
89-->src\main\AndroidManifest.xml:62:9-65:50
90            android:name="com.emankhaled.ecommerceapp.Sellers.SellerHomeActivity"
90-->src\main\AndroidManifest.xml:63:13-55
91            android:label="@string/title_activity_seller_home"
91-->src\main\AndroidManifest.xml:64:13-63
92            android:theme="@style/SellerTheme" />
92-->src\main\AndroidManifest.xml:65:13-47
93        <activity android:name="com.emankhaled.ecommerceapp.Sellers.SellerLoginActivity" />
93-->src\main\AndroidManifest.xml:66:9-65
93-->src\main\AndroidManifest.xml:66:19-62
94        <activity android:name="com.emankhaled.ecommerceapp.Sellers.SellerRegistrationActivity" />
94-->src\main\AndroidManifest.xml:67:9-72
94-->src\main\AndroidManifest.xml:67:19-69
95        <activity android:name="com.emankhaled.ecommerceapp.Buyer.ResetPasswordActivity" />
95-->src\main\AndroidManifest.xml:68:9-65
95-->src\main\AndroidManifest.xml:68:19-62
96        <activity
96-->src\main\AndroidManifest.xml:69:9-71:49
97            android:name="com.emankhaled.ecommerceapp.Admin.AdminMaintainProductsActivity"
97-->src\main\AndroidManifest.xml:70:13-64
98            android:theme="@style/AdminTheme" />
98-->src\main\AndroidManifest.xml:71:13-46
99        <activity android:name="com.emankhaled.ecommerceapp.Buyer.SearchProductActivity" />
99-->src\main\AndroidManifest.xml:72:9-65
99-->src\main\AndroidManifest.xml:72:19-62
100        <activity
100-->src\main\AndroidManifest.xml:73:9-75:49
101            android:name="com.emankhaled.ecommerceapp.Admin.AdminUserProductsActivity"
101-->src\main\AndroidManifest.xml:74:13-60
102            android:theme="@style/AdminTheme" />
102-->src\main\AndroidManifest.xml:75:13-46
103        <activity
103-->src\main\AndroidManifest.xml:76:9-78:49
104            android:name="com.emankhaled.ecommerceapp.Admin.AdminNewOrderActivity"
104-->src\main\AndroidManifest.xml:77:13-56
105            android:theme="@style/AdminTheme" />
105-->src\main\AndroidManifest.xml:78:13-46
106        <activity android:name="com.emankhaled.ecommerceapp.Buyer.ConfirmFinalOrderActivity" />
106-->src\main\AndroidManifest.xml:79:9-69
106-->src\main\AndroidManifest.xml:79:19-66
107        <activity android:name="com.emankhaled.ecommerceapp.Buyer.CartActivity" />
107-->src\main\AndroidManifest.xml:80:9-56
107-->src\main\AndroidManifest.xml:80:19-53
108        <activity android:name="com.emankhaled.ecommerceapp.Buyer.ProductDetailsActivity" />
108-->src\main\AndroidManifest.xml:81:9-66
108-->src\main\AndroidManifest.xml:81:19-63
109        <activity android:name="com.emankhaled.ecommerceapp.Buyer.SettingsActivity" />
109-->src\main\AndroidManifest.xml:82:9-60
109-->src\main\AndroidManifest.xml:82:19-57
110        <activity
110-->src\main\AndroidManifest.xml:83:9-86:59
111            android:name="com.emankhaled.ecommerceapp.Buyer.HomeActivity"
111-->src\main\AndroidManifest.xml:84:13-47
112            android:label="@string/title_activity_home"
112-->src\main\AndroidManifest.xml:85:13-56
113            android:theme="@style/AppTheme.NoActionBar" />
113-->src\main\AndroidManifest.xml:86:13-56
114        <activity android:name="com.emankhaled.ecommerceapp.Sellers.SellerProductCategoryActivity" />
114-->src\main\AndroidManifest.xml:87:9-75
114-->src\main\AndroidManifest.xml:87:19-72
115        <activity android:name="com.emankhaled.ecommerceapp.Sellers.SellerAddNewProductActivity" />
115-->src\main\AndroidManifest.xml:88:9-73
115-->src\main\AndroidManifest.xml:88:19-70
116        <activity android:name="com.emankhaled.ecommerceapp.Buyer.RegisterActivity" />
116-->src\main\AndroidManifest.xml:89:9-60
116-->src\main\AndroidManifest.xml:89:19-57
117        <activity android:name="com.emankhaled.ecommerceapp.Buyer.LoginActivity" />
117-->src\main\AndroidManifest.xml:90:9-57
117-->src\main\AndroidManifest.xml:90:19-54
118        <activity android:name="com.emankhaled.ecommerceapp.Buyer.MainActivity" />
118-->src\main\AndroidManifest.xml:91:9-56
118-->src\main\AndroidManifest.xml:91:19-53
119        <activity
119-->src\main\AndroidManifest.xml:92:9-94:59
120            android:name="com.theartofdev.edmodo.cropper.CropImageActivity"
120-->src\main\AndroidManifest.xml:93:13-76
121            android:theme="@style/Base.Theme.AppCompat" />
121-->src\main\AndroidManifest.xml:94:13-56
122
123        <meta-data
123-->src\main\AndroidManifest.xml:96:9-98:55
124            android:name="com.facebook.sdk.ApplicationId"
124-->src\main\AndroidManifest.xml:97:13-58
125            android:value="@string/facebook_app_id" />
125-->src\main\AndroidManifest.xml:98:13-52
126
127        <activity
127-->[com.paypal.checkout:android-sdk:0.2.0] AndroidManifest.xml:19:9-23:51
128            android:name="com.paypal.pyplcheckout.home.view.activities.PYPLHomeActivity"
128-->[com.paypal.checkout:android-sdk:0.2.0] AndroidManifest.xml:20:13-89
129            android:launchMode="singleTop"
129-->[com.paypal.checkout:android-sdk:0.2.0] AndroidManifest.xml:21:13-43
130            android:taskAffinity="com.pyplcheckout.task"
130-->[com.paypal.checkout:android-sdk:0.2.0] AndroidManifest.xml:22:13-57
131            android:theme="@style/PYPLAppTheme" />
131-->[com.paypal.checkout:android-sdk:0.2.0] AndroidManifest.xml:23:13-48
132        <activity
132-->[com.paypal.checkout:android-sdk:0.2.0] AndroidManifest.xml:24:9-38:20
133            android:name="com.paypal.pyplcheckout.home.view.activities.PYPLInitiateCheckoutActivity"
133-->[com.paypal.checkout:android-sdk:0.2.0] AndroidManifest.xml:25:13-101
134            android:launchMode="singleTask"
134-->[com.paypal.checkout:android-sdk:0.2.0] AndroidManifest.xml:26:13-44
135            android:theme="@style/AppFullScreenTheme" >
135-->[com.paypal.checkout:android-sdk:0.2.0] AndroidManifest.xml:27:13-54
136            <intent-filter android:autoVerify="true" >
136-->[com.paypal.checkout:android-sdk:0.2.0] AndroidManifest.xml:28:13-37:29
136-->[com.paypal.checkout:android-sdk:0.2.0] AndroidManifest.xml:28:28-53
137                <data
137-->[com.paypal.checkout:android-sdk:0.2.0] AndroidManifest.xml:29:17-31:57
138                    android:host="paypalxo"
138-->[com.paypal.checkout:android-sdk:0.2.0] AndroidManifest.xml:30:21-44
139                    android:scheme="com.emankhaled.ecommerceapp" />
139-->[com.paypal.checkout:android-sdk:0.2.0] AndroidManifest.xml:31:21-54
140
141                <action android:name="android.intent.action.VIEW" />
141-->[com.paypal.checkout:android-sdk:0.2.0] AndroidManifest.xml:33:17-69
141-->[com.paypal.checkout:android-sdk:0.2.0] AndroidManifest.xml:33:25-66
142
143                <category android:name="android.intent.category.DEFAULT" />
143-->[com.paypal.checkout:android-sdk:0.2.0] AndroidManifest.xml:35:17-76
143-->[com.paypal.checkout:android-sdk:0.2.0] AndroidManifest.xml:35:27-73
144                <category android:name="android.intent.category.BROWSABLE" />
144-->[com.paypal.checkout:android-sdk:0.2.0] AndroidManifest.xml:36:17-78
144-->[com.paypal.checkout:android-sdk:0.2.0] AndroidManifest.xml:36:27-75
145            </intent-filter>
146        </activity> <!-- This activity is required for listening to Auth redirects (authcore sdk) -->
147        <activity
147-->[com.paypal.checkout:android-sdk:0.2.0] AndroidManifest.xml:41:9-55:20
148            android:name="com.paypal.openid.RedirectUriReceiverActivity"
148-->[com.paypal.checkout:android-sdk:0.2.0] AndroidManifest.xml:42:13-73
149            android:excludeFromRecents="true"
149-->[com.paypal.checkout:android-sdk:0.2.0] AndroidManifest.xml:43:13-46
150            android:theme="@style/PYPLAppTheme" >
150-->[com.paypal.checkout:android-sdk:0.2.0] AndroidManifest.xml:44:13-48
151            <intent-filter android:autoVerify="true" >
151-->[com.paypal.checkout:android-sdk:0.2.0] AndroidManifest.xml:45:13-54:29
151-->[com.paypal.checkout:android-sdk:0.2.0] AndroidManifest.xml:45:28-53
152                <action android:name="android.intent.action.VIEW" />
152-->[com.paypal.checkout:android-sdk:0.2.0] AndroidManifest.xml:33:17-69
152-->[com.paypal.checkout:android-sdk:0.2.0] AndroidManifest.xml:33:25-66
153
154                <category android:name="android.intent.category.DEFAULT" />
154-->[com.paypal.checkout:android-sdk:0.2.0] AndroidManifest.xml:35:17-76
154-->[com.paypal.checkout:android-sdk:0.2.0] AndroidManifest.xml:35:27-73
155                <category android:name="android.intent.category.BROWSABLE" />
155-->[com.paypal.checkout:android-sdk:0.2.0] AndroidManifest.xml:36:17-78
155-->[com.paypal.checkout:android-sdk:0.2.0] AndroidManifest.xml:36:27-75
156
157                <data
157-->[com.paypal.checkout:android-sdk:0.2.0] AndroidManifest.xml:29:17-31:57
158                    android:host="paypalpay"
158-->[com.paypal.checkout:android-sdk:0.2.0] AndroidManifest.xml:30:21-44
159                    android:scheme="com.emankhaled.ecommerceapp" />
159-->[com.paypal.checkout:android-sdk:0.2.0] AndroidManifest.xml:31:21-54
160            </intent-filter>
161        </activity>
162
163        <meta-data
163-->[com.paypal.checkout:android-sdk:0.2.0] AndroidManifest.xml:57:9-59:75
164            android:name="asset_statements"
164-->[com.paypal.checkout:android-sdk:0.2.0] AndroidManifest.xml:58:13-44
165            android:resource="@string/paypal_checkout_asset_statements" />
165-->[com.paypal.checkout:android-sdk:0.2.0] AndroidManifest.xml:59:13-72
166
167        <activity
167-->[com.facebook.android:facebook-common:12.3.0] AndroidManifest.xml:30:9-33:66
168            android:name="com.facebook.FacebookActivity"
168-->[com.facebook.android:facebook-common:12.3.0] AndroidManifest.xml:31:13-57
169            android:configChanges="keyboard|keyboardHidden|screenLayout|screenSize|orientation"
169-->[com.facebook.android:facebook-common:12.3.0] AndroidManifest.xml:32:13-96
170            android:theme="@style/com_facebook_activity_theme" />
170-->[com.facebook.android:facebook-common:12.3.0] AndroidManifest.xml:33:13-63
171        <activity android:name="com.facebook.CustomTabMainActivity" />
171-->[com.facebook.android:facebook-common:12.3.0] AndroidManifest.xml:34:9-71
171-->[com.facebook.android:facebook-common:12.3.0] AndroidManifest.xml:34:19-68
172        <activity
172-->[com.facebook.android:facebook-common:12.3.0] AndroidManifest.xml:35:9-49:20
173            android:name="com.facebook.CustomTabActivity"
173-->[com.facebook.android:facebook-common:12.3.0] AndroidManifest.xml:36:13-58
174            android:exported="true" >
174-->[com.facebook.android:facebook-common:12.3.0] AndroidManifest.xml:37:13-36
175            <intent-filter>
175-->[com.facebook.android:facebook-common:12.3.0] AndroidManifest.xml:39:13-48:29
176                <action android:name="android.intent.action.VIEW" />
176-->[com.paypal.checkout:android-sdk:0.2.0] AndroidManifest.xml:33:17-69
176-->[com.paypal.checkout:android-sdk:0.2.0] AndroidManifest.xml:33:25-66
177
178                <category android:name="android.intent.category.DEFAULT" />
178-->[com.paypal.checkout:android-sdk:0.2.0] AndroidManifest.xml:35:17-76
178-->[com.paypal.checkout:android-sdk:0.2.0] AndroidManifest.xml:35:27-73
179                <category android:name="android.intent.category.BROWSABLE" />
179-->[com.paypal.checkout:android-sdk:0.2.0] AndroidManifest.xml:36:17-78
179-->[com.paypal.checkout:android-sdk:0.2.0] AndroidManifest.xml:36:27-75
180
181                <data
181-->[com.paypal.checkout:android-sdk:0.2.0] AndroidManifest.xml:29:17-31:57
182                    android:host="cct.com.emankhaled.ecommerceapp"
182-->[com.paypal.checkout:android-sdk:0.2.0] AndroidManifest.xml:30:21-44
183                    android:scheme="fbconnect" />
183-->[com.paypal.checkout:android-sdk:0.2.0] AndroidManifest.xml:31:21-54
184            </intent-filter>
185        </activity>
186
187        <service
187-->[com.google.firebase:firebase-database:20.0.3] AndroidManifest.xml:29:9-35:19
188            android:name="com.google.firebase.components.ComponentDiscoveryService"
188-->[com.google.firebase:firebase-database:20.0.3] AndroidManifest.xml:30:13-84
189            android:directBootAware="true"
189-->[com.google.firebase:firebase-common:20.0.0] AndroidManifest.xml:35:13-43
190            android:exported="false" >
190-->[com.google.firebase:firebase-database:20.0.3] AndroidManifest.xml:31:13-37
191            <meta-data
191-->[com.google.firebase:firebase-database:20.0.3] AndroidManifest.xml:32:13-34:85
192                android:name="com.google.firebase.components:com.google.firebase.database.DatabaseRegistrar"
192-->[com.google.firebase:firebase-database:20.0.3] AndroidManifest.xml:33:17-109
193                android:value="com.google.firebase.components.ComponentRegistrar" />
193-->[com.google.firebase:firebase-database:20.0.3] AndroidManifest.xml:34:17-82
194            <meta-data
194-->[com.google.firebase:firebase-auth:21.0.1] AndroidManifest.xml:77:13-79:85
195                android:name="com.google.firebase.components:com.google.firebase.auth.FirebaseAuthRegistrar"
195-->[com.google.firebase:firebase-auth:21.0.1] AndroidManifest.xml:78:17-109
196                android:value="com.google.firebase.components.ComponentRegistrar" />
196-->[com.google.firebase:firebase-auth:21.0.1] AndroidManifest.xml:79:17-82
197            <meta-data
197-->[com.google.firebase:firebase-storage:20.0.0] AndroidManifest.xml:33:13-35:85
198                android:name="com.google.firebase.components:com.google.firebase.storage.StorageRegistrar"
198-->[com.google.firebase:firebase-storage:20.0.0] AndroidManifest.xml:34:17-107
199                android:value="com.google.firebase.components.ComponentRegistrar" />
199-->[com.google.firebase:firebase-storage:20.0.0] AndroidManifest.xml:35:17-82
200            <meta-data
200-->[com.google.android.gms:play-services-measurement-api:20.0.2] AndroidManifest.xml:30:13-32:85
201                android:name="com.google.firebase.components:com.google.firebase.analytics.connector.internal.AnalyticsConnectorRegistrar"
201-->[com.google.android.gms:play-services-measurement-api:20.0.2] AndroidManifest.xml:31:17-139
202                android:value="com.google.firebase.components.ComponentRegistrar" />
202-->[com.google.android.gms:play-services-measurement-api:20.0.2] AndroidManifest.xml:32:17-82
203            <meta-data
203-->[com.google.firebase:firebase-installations:17.0.0] AndroidManifest.xml:18:13-20:85
204                android:name="com.google.firebase.components:com.google.firebase.installations.FirebaseInstallationsRegistrar"
204-->[com.google.firebase:firebase-installations:17.0.0] AndroidManifest.xml:19:17-127
205                android:value="com.google.firebase.components.ComponentRegistrar" />
205-->[com.google.firebase:firebase-installations:17.0.0] AndroidManifest.xml:20:17-82
206        </service>
207
208        <activity
208-->[com.google.firebase:firebase-auth:21.0.1] AndroidManifest.xml:27:9-44:20
209            android:name="com.google.firebase.auth.internal.GenericIdpActivity"
209-->[com.google.firebase:firebase-auth:21.0.1] AndroidManifest.xml:28:13-80
210            android:excludeFromRecents="true"
210-->[com.google.firebase:firebase-auth:21.0.1] AndroidManifest.xml:29:13-46
211            android:exported="true"
211-->[com.google.firebase:firebase-auth:21.0.1] AndroidManifest.xml:30:13-36
212            android:launchMode="singleTask"
212-->[com.google.firebase:firebase-auth:21.0.1] AndroidManifest.xml:31:13-44
213            android:theme="@android:style/Theme.Translucent.NoTitleBar" >
213-->[com.google.firebase:firebase-auth:21.0.1] AndroidManifest.xml:32:13-72
214            <intent-filter>
214-->[com.google.firebase:firebase-auth:21.0.1] AndroidManifest.xml:33:13-43:29
215                <action android:name="android.intent.action.VIEW" />
215-->[com.paypal.checkout:android-sdk:0.2.0] AndroidManifest.xml:33:17-69
215-->[com.paypal.checkout:android-sdk:0.2.0] AndroidManifest.xml:33:25-66
216
217                <category android:name="android.intent.category.DEFAULT" />
217-->[com.paypal.checkout:android-sdk:0.2.0] AndroidManifest.xml:35:17-76
217-->[com.paypal.checkout:android-sdk:0.2.0] AndroidManifest.xml:35:27-73
218                <category android:name="android.intent.category.BROWSABLE" />
218-->[com.paypal.checkout:android-sdk:0.2.0] AndroidManifest.xml:36:17-78
218-->[com.paypal.checkout:android-sdk:0.2.0] AndroidManifest.xml:36:27-75
219
220                <data
220-->[com.paypal.checkout:android-sdk:0.2.0] AndroidManifest.xml:29:17-31:57
221                    android:host="firebase.auth"
221-->[com.paypal.checkout:android-sdk:0.2.0] AndroidManifest.xml:30:21-44
222                    android:path="/"
223                    android:scheme="genericidp" />
223-->[com.paypal.checkout:android-sdk:0.2.0] AndroidManifest.xml:31:21-54
224            </intent-filter>
225        </activity>
226        <activity
226-->[com.google.firebase:firebase-auth:21.0.1] AndroidManifest.xml:45:9-62:20
227            android:name="com.google.firebase.auth.internal.RecaptchaActivity"
227-->[com.google.firebase:firebase-auth:21.0.1] AndroidManifest.xml:46:13-79
228            android:excludeFromRecents="true"
228-->[com.google.firebase:firebase-auth:21.0.1] AndroidManifest.xml:47:13-46
229            android:exported="true"
229-->[com.google.firebase:firebase-auth:21.0.1] AndroidManifest.xml:48:13-36
230            android:launchMode="singleTask"
230-->[com.google.firebase:firebase-auth:21.0.1] AndroidManifest.xml:49:13-44
231            android:theme="@android:style/Theme.Translucent.NoTitleBar" >
231-->[com.google.firebase:firebase-auth:21.0.1] AndroidManifest.xml:50:13-72
232            <intent-filter>
232-->[com.google.firebase:firebase-auth:21.0.1] AndroidManifest.xml:51:13-61:29
233                <action android:name="android.intent.action.VIEW" />
233-->[com.paypal.checkout:android-sdk:0.2.0] AndroidManifest.xml:33:17-69
233-->[com.paypal.checkout:android-sdk:0.2.0] AndroidManifest.xml:33:25-66
234
235                <category android:name="android.intent.category.DEFAULT" />
235-->[com.paypal.checkout:android-sdk:0.2.0] AndroidManifest.xml:35:17-76
235-->[com.paypal.checkout:android-sdk:0.2.0] AndroidManifest.xml:35:27-73
236                <category android:name="android.intent.category.BROWSABLE" />
236-->[com.paypal.checkout:android-sdk:0.2.0] AndroidManifest.xml:36:17-78
236-->[com.paypal.checkout:android-sdk:0.2.0] AndroidManifest.xml:36:27-75
237
238                <data
238-->[com.paypal.checkout:android-sdk:0.2.0] AndroidManifest.xml:29:17-31:57
239                    android:host="firebase.auth"
239-->[com.paypal.checkout:android-sdk:0.2.0] AndroidManifest.xml:30:21-44
240                    android:path="/"
241                    android:scheme="recaptcha" />
241-->[com.paypal.checkout:android-sdk:0.2.0] AndroidManifest.xml:31:21-54
242            </intent-filter>
243        </activity>
244
245        <service
245-->[com.google.firebase:firebase-auth:21.0.1] AndroidManifest.xml:64:9-73:19
246            android:name="com.google.firebase.auth.api.fallback.service.FirebaseAuthFallbackService"
246-->[com.google.firebase:firebase-auth:21.0.1] AndroidManifest.xml:65:13-101
247            android:enabled="true"
247-->[com.google.firebase:firebase-auth:21.0.1] AndroidManifest.xml:66:13-35
248            android:exported="false" >
248-->[com.google.firebase:firebase-auth:21.0.1] AndroidManifest.xml:67:13-37
249            <intent-filter>
249-->[com.google.firebase:firebase-auth:21.0.1] AndroidManifest.xml:68:13-72:29
250                <action android:name="com.google.firebase.auth.api.gms.service.START" />
250-->[com.google.firebase:firebase-auth:21.0.1] AndroidManifest.xml:69:17-89
250-->[com.google.firebase:firebase-auth:21.0.1] AndroidManifest.xml:69:25-86
251
252                <category android:name="android.intent.category.DEFAULT" />
252-->[com.paypal.checkout:android-sdk:0.2.0] AndroidManifest.xml:35:17-76
252-->[com.paypal.checkout:android-sdk:0.2.0] AndroidManifest.xml:35:27-73
253            </intent-filter>
254        </service>
255
256        <activity
256-->[com.google.android.gms:play-services-auth:19.2.0] AndroidManifest.xml:23:9-27:75
257            android:name="com.google.android.gms.auth.api.signin.internal.SignInHubActivity"
257-->[com.google.android.gms:play-services-auth:19.2.0] AndroidManifest.xml:24:13-93
258            android:excludeFromRecents="true"
258-->[com.google.android.gms:play-services-auth:19.2.0] AndroidManifest.xml:25:13-46
259            android:exported="false"
259-->[com.google.android.gms:play-services-auth:19.2.0] AndroidManifest.xml:26:13-37
260            android:theme="@android:style/Theme.Translucent.NoTitleBar" />
260-->[com.google.android.gms:play-services-auth:19.2.0] AndroidManifest.xml:27:13-72
261        <!--
262            Service handling Google Sign-In user revocation. For apps that do not integrate with
263            Google Sign-In, this service will never be started.
264        -->
265        <service
265-->[com.google.android.gms:play-services-auth:19.2.0] AndroidManifest.xml:33:9-37:51
266            android:name="com.google.android.gms.auth.api.signin.RevocationBoundService"
266-->[com.google.android.gms:play-services-auth:19.2.0] AndroidManifest.xml:34:13-89
267            android:exported="true"
267-->[com.google.android.gms:play-services-auth:19.2.0] AndroidManifest.xml:35:13-36
268            android:permission="com.google.android.gms.auth.api.signin.permission.REVOCATION_NOTIFICATION"
268-->[com.google.android.gms:play-services-auth:19.2.0] AndroidManifest.xml:36:13-107
269            android:visibleToInstantApps="true" />
269-->[com.google.android.gms:play-services-auth:19.2.0] AndroidManifest.xml:37:13-48
270
271        <provider